\BOOKMARK [1][-]{section.1}{\376\377\000P\000r\000o\000p\000o\000s\000i\000t\000i\000o\000n}{}% 1
\BOOKMARK [1][-]{section.2}{\376\377\000L\000o\000g\000i\000c\000a\000l\000\040\000A\000r\000g\000u\000m\000e\000n\000t\000s}{}% 2
\BOOKMARK [1][-]{section.3}{\376\377\000P\000r\000o\000p\000o\000s\000i\000t\000i\000o\000n\000a\000l\000\040\000L\000o\000g\000i\000c}{}% 3
\BOOKMARK [2][-]{subsection.3.1}{\376\377\000N\000o\000t\000a\000t\000i\000o\000n\000s\000\040\000a\000n\000d\000\040\000L\000p}{section.3}% 4
\BOOKMARK [3][-]{nota.3.1}{\376\377\000N\000o\000t\000a\000t\000i\000o\000n\000:\000\040\000S\000y\000m\000b\000o\000l\000s}{subsection.3.1}% 5
\BOOKMARK [3][-]{defn.3.1}{\376\377\000D\000e\000f\000i\000n\000i\000t\000i\000o\000n\000:\000\040\000W\000e\000l\000l\000\040\000F\000o\000r\000m\000e\000d\000\040\000E\000x\000p\000r\000e\000s\000s\000i\000o\000n\000s\000\040\000\050\000W\000F\000E\000\051}{subsection.3.1}% 6
\BOOKMARK [3][-]{nota.3.2}{\376\377\000N\000o\000t\000a\000t\000i\000o\000n\000:\000\040\000O\000p\000e\000r\000a\000t\000o\000r\000\040\000P\000r\000i\000o\000r\000i\000t\000y}{subsection.3.1}% 7
\BOOKMARK [1][-]{section.4}{\376\377\000T\000r\000a\000n\000s\000l\000a\000t\000i\000n\000g\000\040\000E\000n\000g\000l\000i\000s\000h\000\040\000i\000n\000t\000o\000\040\000P\000r\000o\000p\000\040\000L\000o\000g\000i\000c}{}% 8
\BOOKMARK [2][-]{subsection.4.1}{\376\377\000E\000x\000a\000m\000p\000l\000e\000s}{section.4}% 9
\BOOKMARK [3][-]{lem.4.1}{\376\377\000L\000e\000m\000m\000a\000:\000\040\000B\000a\000l\000a\000n\000c\000e\000d\000\040\000P\000a\000r\000a\000n\000t\000h\000e\000s\000i\000s}{subsection.4.1}% 10
\BOOKMARK [1][-]{section.5}{\376\377\000S\000e\000m\000a\000n\000t\000i\000c\000s}{}% 11
\BOOKMARK [2][-]{subsection.5.1}{\376\377\000S\000e\000m\000a\000n\000t\000i\000c\000s\000\040\000o\000f\000\040\000L\000p\000\040\000f\000o\000r\000m\000u\000l\000a\000s}{section.5}% 12
\BOOKMARK [3][-]{defn.5.1}{\376\377\000D\000e\000f\000i\000n\000i\000t\000i\000o\000n\000:\000\040\000T\000r\000u\000t\000h\000\040\000E\000v\000a\000l\000u\000a\000t\000i\000o\000n}{subsection.5.1}% 13
\BOOKMARK [3][-]{nota.5.1}{\376\377\000N\000o\000t\000a\000t\000i\000o\000n\000:\000\040\000E\000v\000a\000l\000\040\000F\000u\000n\000c\000t\000i\000o\000n}{subsection.5.1}% 14
\BOOKMARK [3][-]{defn.5.3}{\376\377\000D\000e\000f\000i\000n\000i\000t\000i\000o\000n\000:\000\040\000S\000a\000t\000i\000s\000f\000i\000a\000b\000l\000e\000\040\000u\000n\000d\000e\000r\000\040\000t}{subsection.5.1}% 15
\BOOKMARK [3][-]{defn.5.4}{\376\377\000D\000e\000f\000i\000n\000i\000t\000i\000o\000n\000:\000\040\000U\000n\000s\000a\000t\000i\000s\000f\000i\000a\000b\000l\000e}{subsection.5.1}% 16
\BOOKMARK [3][-]{defn.5.5}{\376\377\000D\000e\000f\000i\000n\000i\000t\000i\000o\000n\000:\000\040\000T\000a\000u\000t\000o\000l\000o\000g\000y}{subsection.5.1}% 17
\BOOKMARK [3][-]{nota.5.3}{\376\377\000N\000o\000t\000a\000t\000i\000o\000n\000:\000\040\000T\000a\000u\000t\000o\000l\000o\000g\000y}{subsection.5.1}% 18
\BOOKMARK [3][-]{defn.5.6}{\376\377\000D\000e\000f\000i\000n\000i\000t\000i\000o\000n\000:\000\040\000S\000a\000t\000i\000s\000f\000i\000a\000b\000l\000e\000\040\000s\000e\000t\000\040\000o\000f\000\040\000F\000o\000r\000m\000u\000l\000a\000s}{subsection.5.1}% 19
\BOOKMARK [3][-]{defn.5.7}{\376\377\000D\000e\000f\000i\000n\000i\000t\000i\000o\000n\000:\000\040\000U\000n\000s\000a\000t\000i\000s\000f\000i\000a\000b\000l\000e\000\040\000s\000e\000t\000\040\000o\000f\000\040\000F\000o\000r\000m\000u\000l\000a\000s}{subsection.5.1}% 20
\BOOKMARK [3][-]{exam.5.5}{\376\377\000E\000x\000a\000m\000p\000l\000e\000:\000\040\000I\000n\000f\000i\000n\000i\000t\000e\000\040\000S\000i\000g\000m\000a}{subsection.5.1}% 21
\BOOKMARK [3][-]{defn.5.8}{\376\377\000D\000e\000f\000i\000n\000i\000t\000i\000o\000n\000:\000\040\000A\000r\000g\000u\000e\000m\000e\000n\000t}{subsection.5.1}% 22
\BOOKMARK [3][-]{defn.5.9}{\376\377\000D\000e\000f\000i\000n\000i\000t\000i\000o\000n\000:\000\040\000M\000a\000x\000i\000m\000a\000l\000l\000y\000\040\000S\000a\000t\000i\000s\000f\000i\000a\000b\000l\000e}{subsection.5.1}% 23
\BOOKMARK [3][-]{exam.5.8}{\376\377\000E\000x\000a\000m\000p\000l\000e\000:\000\040\000T\000h\000e\000\040\000I\000n\000f\000i\000n\000i\000t\000e\000\040\000A\000t\000o\000m\000i\000c\000\040\000S\000e\000t\000\040\000i\000s\000\040\000M\000a\000x\000i\000m\000a\000l\000l\000y\000\040\000S\000a\000t\000i\000s\000f\000i\000a\000b\000l\000e}{subsection.5.1}% 24
\BOOKMARK [3][-]{defn.5.10}{\376\377\000D\000e\000f\000i\000n\000i\000t\000i\000o\000n\000:\000\040\000U\000n\000i\000q\000u\000e\000l\000y\000\040\000S\000a\000t\000i\000s\000f\000i\000a\000b\000l\000e}{subsection.5.1}% 25
\BOOKMARK [3][-]{thm.5.2}{\376\377\000T\000h\000e\000o\000r\000e\000m\000:\000\040\000U\000n\000i\000q\000u\000e\000l\000y\000\040\000S\000a\000t\000i\000s\000f\000i\000a\000b\000l\000e\000\040\000i\000f\000f\000\040\000M\000a\000x\000i\000m\000a\000l\000l\000y\000\040\000S\000a\000t\000i\000s\000f\000i\000a\000b\000l\000e}{subsection.5.1}% 26
\BOOKMARK [3][-]{defn.5.11}{\376\377\000D\000e\000f\000i\000n\000i\000t\000i\000o\000n\000:\000\040\000M\000o\000d\000e\000l\000s}{subsection.5.1}% 27
\BOOKMARK [3][-]{defn.5.12}{\376\377\000D\000e\000f\000i\000n\000i\000t\000i\000o\000n\000:\000\040\000L\000o\000g\000i\000c\000a\000l\000\040\000E\000q\000u\000i\000v\000a\000l\000e\000n\000c\000e}{subsection.5.1}% 28
\BOOKMARK [3][-]{exam.5.15}{\376\377\000E\000x\000a\000m\000p\000l\000e\000:\000\040\000I\000m\000p\000o\000r\000t\000a\000n\000t\000\040\000L\000o\000g\000i\000c\000a\000l\000\040\000E\000q\000u\000i\000v\000a\000l\000e\000n\000c\000e\000s}{subsection.5.1}% 29
\BOOKMARK [3][-]{thm.5.3}{\376\377\000T\000h\000e\000o\000r\000e\000m\000:\000\040\000R\000e\000p\000l\000a\000c\000e\000a\000b\000i\000l\000i\000y}{subsection.5.1}% 30
\BOOKMARK [3][-]{exam.5.16}{\376\377\000E\000x\000a\000m\000p\000l\000e\000:\000\040\000P\000i\000e\000r\000c\000e\000'\000s\000\040\000L\000a\000w}{subsection.5.1}% 31
\BOOKMARK [2][-]{subsection.5.2}{\376\377\000N\000o\000r\000m\000a\000l\000\040\000F\000o\000r\000m\000s}{section.5}% 32
\BOOKMARK [3][-]{defn.5.13}{\376\377\000D\000e\000f\000i\000n\000i\000t\000i\000o\000n\000:\000\040\000L\000i\000t\000e\000r\000a\000l\000s}{subsection.5.2}% 33
\BOOKMARK [3][-]{defn.5.14}{\376\377\000D\000e\000f\000i\000n\000i\000t\000i\000o\000n\000:\000\040\000C\000o\000n\000j\000u\000c\000t\000i\000v\000e\000\040\000C\000l\000a\000u\000s\000e}{subsection.5.2}% 34
\BOOKMARK [3][-]{defn.5.15}{\376\377\000D\000e\000f\000i\000n\000i\000t\000i\000o\000n\000:\000\040\000D\000i\000s\000j\000u\000n\000c\000t\000i\000o\000n\000\040\000C\000l\000a\000u\000s\000e}{subsection.5.2}% 35
\BOOKMARK [3][-]{defn.5.16}{\376\377\000D\000e\000f\000i\000n\000i\000t\000i\000o\000n\000:\000\040\000C\000o\000n\000j\000u\000n\000c\000t\000i\000v\000e\000\040\000N\000o\000r\000m\000a\000l\000\040\000F\000o\000r\000m\000\040\000\050\000C\000N\000F\000\051}{subsection.5.2}% 36
\BOOKMARK [3][-]{defn.5.17}{\376\377\000D\000e\000f\000i\000n\000i\000t\000i\000o\000n\000:\000\040\000D\000i\000s\000j\000u\000n\000c\000t\000i\000v\000e\000\040\000N\000o\000r\000m\000a\000l\000\040\000F\000o\000r\000m\000\040\000\050\000D\000N\000F\000\051}{subsection.5.2}% 37
\BOOKMARK [3][-]{exam.5.19}{\376\377\000E\000x\000a\000m\000p\000l\000e\000:\000\040\000i\000n\000t\000o\000\040\000D\000N\000F}{subsection.5.2}% 38
\BOOKMARK [3][-]{exam.5.20}{\376\377\000E\000x\000a\000m\000p\000l\000e\000:\000\040\000i\000n\000t\000o\000\040\000D\000N\000F}{subsection.5.2}% 39
\BOOKMARK [2][-]{subsection.5.3}{\376\377\000E\000s\000s\000e\000n\000t\000i\000a\000l\000\040\000L\000a\000w\000s\000\040\000o\000f\000\040\000P\000r\000o\000p\000o\000s\000i\000t\000i\000o\000n\000a\000l\000\040\000C\000a\000l\000c\000u\000l\000u\000s}{section.5}% 40
\BOOKMARK [3][-]{defn.5.18}{\376\377\000D\000e\000f\000i\000n\000i\000t\000i\000o\000n\000:\000\040\000B\000o\000o\000l\000e\000a\000n\000\040\000A\000l\000g\000e\000b\000r\000a}{subsection.5.3}% 41
\BOOKMARK [2][-]{subsection.5.4}{\376\377\000A\000m\000o\000u\000n\000t\000\040\000o\000f\000\040\000C\000o\000n\000n\000e\000c\000t\000i\000v\000e\000s\000\040\000p\000e\000r\000\040\000F\000o\000r\000m\000u\000l\000a}{section.5}% 42
\BOOKMARK [3][-]{thm.5.4}{\376\377\000T\000h\000e\000o\000r\000e\000m\000:\000\040\000F\000o\000r\000m\000u\000l\000a\000\040\000t\000o\000\040\000C\000N\000F}{subsection.5.4}% 43
\BOOKMARK [3][-]{defn.5.20}{\376\377\000D\000e\000f\000i\000n\000i\000t\000i\000o\000n\000:\000\040\000A\000d\000e\000q\000u\000a\000t\000e\000\040\000S\000e\000t\000\040\000o\000f\000\040\000C\000o\000n\000n\000e\000c\000t\000i\000v\000e\000s}{subsection.5.4}% 44
\BOOKMARK [3][-]{thm.5.5}{\376\377\000T\000h\000e\000o\000r\000e\000m\000:\000\040\000S\000t\000d\000\040\000C\000o\000n\000n\000e\000c\000t\000i\000v\000e\000s\000\040\000a\000r\000e\000\040\000A\000d\000e\000q\000u\000a\000t\000e}{subsection.5.4}% 45
\BOOKMARK [3][-]{thm.5.6}{\376\377\000T\000h\000e\000o\000r\000e\000m\000:\000\040\000A\000n\000d\000\040\000a\000n\000d\000\040\000N\000e\000g\000\040\000a\000r\000e\000\040\000A\000d\000e}{subsection.5.4}% 46
\BOOKMARK [3][-]{thm.5.8}{\376\377\000T\000h\000e\000o\000r\000e\000m\000:\000\040\000N\000O\000R\000\040\000i\000s\000\040\000a\000d\000e\000q\000u\000a\000t\000e}{subsection.5.4}% 47
\BOOKMARK [3][-]{thm.5.9}{\376\377\000T\000h\000e\000o\000r\000e\000m\000:\000\040\000N\000A\000N\000D\000\040\000i\000s\000\040\000a\000d\000e}{subsection.5.4}% 48
\BOOKMARK [3][-]{thm.5.10}{\376\377\000T\000h\000e\000o\000r\000e\000m\000:\000\040\000A\000n\000d\000\040\000i\000s\000n\000'\000t\000\040\000A\000d\000e}{subsection.5.4}% 49
